<?xml version="1.0" encoding="UTF-8"?>
<testsuite name="Notebook Tests" tests="7" errors="0" failures="2" skipped="0" time="115.488" timestamp="2025-11-20T16:54:58.243159">
<testcase classname="Notebook Tests" name="Test Notebook 01 Basic Simulation" time="44.580">
</testcase>
<testcase classname="Notebook Tests" name="Test Notebook 02 Judge Comparison" time="0.217">
</testcase>
<testcase classname="Notebook Tests" name="Test Notebook 03 Zeta Zeros" time="0.213">
</testcase>
<testcase classname="Notebook Tests" name="Test Notebook 04 Parameter Sensitivity" time="1.014">
</testcase>
<testcase classname="Notebook Tests" name="Test Notebook 05 Generate Paper Figures" time="8.092">
</testcase>
<testcase classname="Notebook Tests" name="Test Notebook 06 Baseline Comparison" time="57.182">
<failure message="Output file does not exist: d:\GitHub\Ethic-Latex\tests\notebooks\..\..\simulation\output\figures\06_error_terms_comparison.pdf" type="AssertionError"/>
</testcase>
<testcase classname="Notebook Tests" name="Test Notebook 07 Zeta Zeros Deep Analysis" time="4.127">
<failure message="Output file does not exist: d:\GitHub\Ethic-Latex\tests\notebooks\..\..\simulation\output\figures\07_critical_line_analysis.pdf" type="AssertionError"/>
</testcase>
<properties>
<property name="Documentation" value="Test suite for Jupyter notebooks in the Ethical Riemann Hypothesis project"/>
</properties>
</testsuite>
